Tue, 10 Mar 2015 16:49:59 [22828] INFO  Init RVM... - OpenFinRVM::InitInstance
Tue, 10 Mar 2015 16:49:59 [22828] INFO  Initialized Log - OpenFinRVM::InitInstance
Tue, 10 Mar 2015 16:49:59 [22828] INFO  Running "C:\Users\benjamin.nwaneampeh\AppData\Local\OpenFin\OpenFinRVM.exe" Version 0.1.0.23 - OpenFinRVM::InitInstance
Tue, 10 Mar 2015 16:49:59 [22828] WARN  RegCloseKey() failed with error 0 for path SOFTWARE\Microsoft\Cryptography - Utils::Repository::Registry::Key::Close
Tue, 10 Mar 2015 16:49:59 [22828] INFO  Initialized the MainController - OpenFinRVM::InitInstance
Tue, 10 Mar 2015 16:49:59 [22828] INFO  RVM::Controllers::InstallerController::DoLogic - RVM::Controllers::InstallerController::DoLogic
Tue, 10 Mar 2015 16:49:59 [22828] INFO  RVM::Controllers::PathVerifyController::DoLogic - RVM::Controllers::PathVerifyController::DoLogic
Tue, 10 Mar 2015 16:49:59 [22828] INFO  RVM::Controllers::AutoUpdateController::DoLogic - RVM::Controllers::AutoUpdateController::DoLogic
Tue, 10 Mar 2015 16:49:59 [22828] INFO  Initializing WinINet - Utils::Network::HttpRequest::Initialize
Tue, 10 Mar 2015 16:49:59 [22828] INFO  Setting receive timeout: 300000 - Utils::Network::HttpRequest::Initialize
Tue, 10 Mar 2015 16:49:59 [22828] INFO  Setting send timeout: 30000 - Utils::Network::HttpRequest::Initialize
Tue, 10 Mar 2015 16:49:59 [22828] INFO  Setting connect timeout: 60000 - Utils::Network::HttpRequest::Initialize
Tue, 10 Mar 2015 16:49:59 [22828] INFO  Get request for url: "https://developer.openfin.co/release/rvm/latestVersion" - Utils::Network::HttpRequest::Get
Tue, 10 Mar 2015 16:49:59 [22828] INFO  Processing url: "https://developer.openfin.co/release/rvm/latestVersion" - Utils::Network::HttpRequest::WriteRequest
Tue, 10 Mar 2015 16:50:00 [22828] INFO  StatusCode: 200 - Utils::Network::HttpRequest::WriteRequest
Tue, 10 Mar 2015 16:50:00 [22828] INFO  ContentLength: 8 - Utils::Network::HttpRequest::ReadResponse
Tue, 10 Mar 2015 16:50:00 [22828] INFO  Result: 1, total read: 8 - Utils::Network::HttpRequest::ReadResponse
Tue, 10 Mar 2015 16:50:00 [22828] INFO  Get request completed in: 361 milliseconds - Utils::Network::HttpRequest::Get - Utils::Common::LogTimer::~LogTimer
Tue, 10 Mar 2015 16:50:00 [22828] INFO  RVM::Controllers::ReadRemoteConfigController::DoLogic - RVM::Controllers::ReadRemoteConfigController::DoLogic
Tue, 10 Mar 2015 16:50:00 [22828] INFO  Initializing WinINet - Utils::Network::HttpRequest::Initialize
Tue, 10 Mar 2015 16:50:00 [22828] INFO  Setting receive timeout: 300000 - Utils::Network::HttpRequest::Initialize
Tue, 10 Mar 2015 16:50:00 [22828] INFO  Setting send timeout: 30000 - Utils::Network::HttpRequest::Initialize
Tue, 10 Mar 2015 16:50:00 [22828] INFO  Setting connect timeout: 60000 - Utils::Network::HttpRequest::Initialize
Tue, 10 Mar 2015 16:50:00 [22828] INFO  Get request for url: "http://localhost:8080/app.json" - Utils::Network::HttpRequest::Get
Tue, 10 Mar 2015 16:50:00 [22828] INFO  Processing url: "http://localhost:8080/app.json" - Utils::Network::HttpRequest::WriteRequest
Tue, 10 Mar 2015 16:50:00 [21932] INFO  Initializing WinINet - Utils::Network::HttpRequest::Initialize
Tue, 10 Mar 2015 16:50:00 [21932] INFO  Setting receive timeout: 300000 - Utils::Network::HttpRequest::Initialize
Tue, 10 Mar 2015 16:50:00 [21932] INFO  Setting send timeout: 30000 - Utils::Network::HttpRequest::Initialize
Tue, 10 Mar 2015 16:50:00 [21932] INFO  Setting connect timeout: 60000 - Utils::Network::HttpRequest::Initialize
Tue, 10 Mar 2015 16:50:00 [21932] INFO  Post request for url: "https://dl.openfin.co/services/authenticate" - Utils::Network::HttpRequest::Post
Tue, 10 Mar 2015 16:50:00 [21932] INFO  Processing url: "https://dl.openfin.co/services/authenticate" - Utils::Network::HttpRequest::WriteRequest
Tue, 10 Mar 2015 16:50:01 [21932] INFO  StatusCode: 200 - Utils::Network::HttpRequest::WriteRequest
Tue, 10 Mar 2015 16:50:01 [21932] INFO  ContentLength: 166 - Utils::Network::HttpRequest::ReadResponse
Tue, 10 Mar 2015 16:50:01 [21932] INFO  Result: 1, total read: 166 - Utils::Network::HttpRequest::ReadResponse
Tue, 10 Mar 2015 16:50:01 [21932] INFO  Post request completed in: 331 milliseconds - Utils::Network::HttpRequest::Post - Utils::Common::LogTimer::~LogTimer
Tue, 10 Mar 2015 16:50:01 [22828] INFO  StatusCode: 200 - Utils::Network::HttpRequest::WriteRequest
Tue, 10 Mar 2015 16:50:01 [22828] INFO  ContentLength: 546 - Utils::Network::HttpRequest::ReadResponse
Tue, 10 Mar 2015 16:50:01 [22828] INFO  Result: 1, total read: 546 - Utils::Network::HttpRequest::ReadResponse
Tue, 10 Mar 2015 16:50:01 [22828] INFO  Get request completed in: 1027 milliseconds - Utils::Network::HttpRequest::Get - Utils::Common::LogTimer::~LogTimer
Tue, 10 Mar 2015 16:50:01 [22828] INFO  Remote config has been read successfully - RVM::Controllers::ReadRemoteConfigController::DoLogic
Tue, 10 Mar 2015 16:50:01 [22828] INFO  Initializing WinINet - Utils::Network::HttpRequest::Initialize
Tue, 10 Mar 2015 16:50:01 [22828] INFO  Setting receive timeout: 300000 - Utils::Network::HttpRequest::Initialize
Tue, 10 Mar 2015 16:50:01 [22828] INFO  Setting send timeout: 30000 - Utils::Network::HttpRequest::Initialize
Tue, 10 Mar 2015 16:50:01 [22828] INFO  Setting connect timeout: 60000 - Utils::Network::HttpRequest::Initialize
Tue, 10 Mar 2015 16:50:01 [22828] INFO  Get request for url: "https://developer.openfin.co/release/runtime/releaseChannels" - Utils::Network::HttpRequest::Get
Tue, 10 Mar 2015 16:50:01 [22828] INFO  Processing url: "https://developer.openfin.co/release/runtime/releaseChannels" - Utils::Network::HttpRequest::WriteRequest
Tue, 10 Mar 2015 16:50:01 [22828] INFO  StatusCode: 200 - Utils::Network::HttpRequest::WriteRequest
Tue, 10 Mar 2015 16:50:01 [22828] INFO  ContentLength: 65 - Utils::Network::HttpRequest::ReadResponse
Tue, 10 Mar 2015 16:50:01 [22828] INFO  Result: 1, total read: 65 - Utils::Network::HttpRequest::ReadResponse
Tue, 10 Mar 2015 16:50:01 [22828] INFO  Get request completed in: 94 milliseconds - Utils::Network::HttpRequest::Get - Utils::Common::LogTimer::~LogTimer
Tue, 10 Mar 2015 16:50:01 [22828] INFO  Initializing WinINet - Utils::Network::HttpRequest::Initialize
Tue, 10 Mar 2015 16:50:01 [22828] INFO  Setting receive timeout: 300000 - Utils::Network::HttpRequest::Initialize
Tue, 10 Mar 2015 16:50:01 [22828] INFO  Setting send timeout: 30000 - Utils::Network::HttpRequest::Initialize
Tue, 10 Mar 2015 16:50:01 [22828] INFO  Setting connect timeout: 60000 - Utils::Network::HttpRequest::Initialize
Tue, 10 Mar 2015 16:50:01 [22828] INFO  Get request for url: "https://developer.openfin.co/release/runtime/stable" - Utils::Network::HttpRequest::Get
Tue, 10 Mar 2015 16:50:01 [22828] INFO  Processing url: "https://developer.openfin.co/release/runtime/stable" - Utils::Network::HttpRequest::WriteRequest
Tue, 10 Mar 2015 16:50:01 [22828] INFO  StatusCode: 200 - Utils::Network::HttpRequest::WriteRequest
Tue, 10 Mar 2015 16:50:01 [22828] INFO  ContentLength: 8 - Utils::Network::HttpRequest::ReadResponse
Tue, 10 Mar 2015 16:50:01 [22828] INFO  Result: 1, total read: 8 - Utils::Network::HttpRequest::ReadResponse
Tue, 10 Mar 2015 16:50:01 [22828] INFO  Get request completed in: 281 milliseconds - Utils::Network::HttpRequest::Get - Utils::Common::LogTimer::~LogTimer
Tue, 10 Mar 2015 16:50:01 [22828] INFO  RVM::Controllers::RuntimeInstallerController::DoLogic - RVM::Controllers::RuntimeInstallerController::DoLogic
Tue, 10 Mar 2015 16:50:01 [22828] INFO  No need to install the runtime. - RVM::Controllers::RuntimeInstallerController::DoLogic
Tue, 10 Mar 2015 16:50:01 [22828] INFO  RVM::Controllers::ApplicationInstallController::DoLogic - RVM::Controllers::ApplicationInstallController::DoLogic
Tue, 10 Mar 2015 16:50:01 [22844] INFO  HTTP task: "http://localhost:8000/images/adaptive_mark_250x.png", type: GET - HTTPRequestTask::Execute
Tue, 10 Mar 2015 16:50:01 [22844] INFO  Initializing WinINet - Utils::Network::HttpRequest::Initialize
Tue, 10 Mar 2015 16:50:01 [22828] INFO  RVM::Controllers::LaunchRuntimeController::DoLogic - RVM::Controllers::LaunchRuntimeController::DoLogic
Tue, 10 Mar 2015 16:50:01 [22844] INFO  Setting receive timeout: 300000 - Utils::Network::HttpRequest::Initialize
Tue, 10 Mar 2015 16:50:01 [22828] INFO  Launching runtime - RVM::Controllers::LaunchRuntimeController::DoLogic
Tue, 10 Mar 2015 16:50:01 [22844] INFO  Setting send timeout: 30000 - Utils::Network::HttpRequest::Initialize
Tue, 10 Mar 2015 16:50:01 [22844] INFO  Setting connect timeout: 60000 - Utils::Network::HttpRequest::Initialize
Tue, 10 Mar 2015 16:50:01 [22844] INFO  Get request for url: "http://localhost:8000/images/adaptive_mark_250x.png" - Utils::Network::HttpRequest::Get
Tue, 10 Mar 2015 16:50:01 [22844] INFO  Processing url: "http://localhost:8000/images/adaptive_mark_250x.png" - Utils::Network::HttpRequest::WriteRequest
Tue, 10 Mar 2015 16:50:01 [22828] INFO  Monitoring process handle: 000006AC - RuntimeMonitor::MonitorProcess
Tue, 10 Mar 2015 16:50:01 [22828] INFO  Starting monitor thread - RuntimeMonitor::MonitorProcess
Tue, 10 Mar 2015 16:50:01 [22828] INFO  Init completed in: 1771 milliseconds - OpenFinRVM::InitInstance - Utils::Common::LogTimer::~LogTimer
Tue, 10 Mar 2015 16:50:01 [20728] INFO  Running monitor thread - RuntimeMonitor::MonitorThreadProc
Tue, 10 Mar 2015 16:50:01 [20728] INFO  Refreshing handles array - RuntimeMonitor::MonitorThreadProc
Tue, 10 Mar 2015 16:50:03 [21932] INFO  Initializing WinINet - Utils::Network::HttpRequest::Initialize
Tue, 10 Mar 2015 16:50:03 [21932] INFO  Setting receive timeout: 300000 - Utils::Network::HttpRequest::Initialize
Tue, 10 Mar 2015 16:50:03 [21932] INFO  Setting send timeout: 30000 - Utils::Network::HttpRequest::Initialize
Tue, 10 Mar 2015 16:50:03 [21932] INFO  Setting connect timeout: 60000 - Utils::Network::HttpRequest::Initialize
Tue, 10 Mar 2015 16:50:03 [21932] INFO  Post request for url: "https://dl.openfin.co/services/s/" - Utils::Network::HttpRequest::Post
Tue, 10 Mar 2015 16:50:03 [21932] INFO  Processing url: "https://dl.openfin.co/services/s/" - Utils::Network::HttpRequest::WriteRequest
Tue, 10 Mar 2015 16:50:03 [21932] INFO  StatusCode: 200 - Utils::Network::HttpRequest::WriteRequest
Tue, 10 Mar 2015 16:50:03 [21932] INFO  ContentLength: 2 - Utils::Network::HttpRequest::ReadResponse
Tue, 10 Mar 2015 16:50:03 [21932] INFO  Result: 1, total read: 2 - Utils::Network::HttpRequest::ReadResponse
Tue, 10 Mar 2015 16:50:03 [21932] INFO  Post request completed in: 115 milliseconds - Utils::Network::HttpRequest::Post - Utils::Common::LogTimer::~LogTimer
Tue, 10 Mar 2015 16:50:04 [22844] WARN  Failed on HttpSendRequest() - GetLastError() code: 12029, msg:  - Utils::Common::LogFormattedLastError
Tue, 10 Mar 2015 16:50:04 [22844] WARN  code: 12029 == ERROR_INTERNET_CANNOT_CONNECT - Utils::Network::LogFormattedLastHttpError
Tue, 10 Mar 2015 16:50:04 [22844] INFO  Get request completed in: 3012 milliseconds - Utils::Network::HttpRequest::Get - Utils::Common::LogTimer::~LogTimer
Tue, 10 Mar 2015 16:50:04 [22844] ERROR HTTP task failed: "http://localhost:8000/images/adaptive_mark_250x.png" - HTTPRequestTask::Execute
Tue, 10 Mar 2015 16:50:04 [22844] INFO  HTTP task complete in: 3012 milliseconds - HTTPRequestTask::Execute
Tue, 10 Mar 2015 16:50:04 [22844] WARN  Failed to fetch the icon - RVM::Controllers::ApplicationInstallController::OnRequestComplete
Tue, 10 Mar 2015 16:50:04 [21932] INFO  Initializing WinINet - Utils::Network::HttpRequest::Initialize
Tue, 10 Mar 2015 16:50:04 [21932] INFO  Setting receive timeout: 300000 - Utils::Network::HttpRequest::Initialize
Tue, 10 Mar 2015 16:50:04 [21932] INFO  Setting send timeout: 30000 - Utils::Network::HttpRequest::Initialize
Tue, 10 Mar 2015 16:50:04 [21932] INFO  Setting connect timeout: 60000 - Utils::Network::HttpRequest::Initialize
Tue, 10 Mar 2015 16:50:04 [21932] INFO  Post request for url: "https://dl.openfin.co/services/s/" - Utils::Network::HttpRequest::Post
Tue, 10 Mar 2015 16:50:04 [21932] INFO  Processing url: "https://dl.openfin.co/services/s/" - Utils::Network::HttpRequest::WriteRequest
Tue, 10 Mar 2015 16:50:04 [21932] INFO  StatusCode: 200 - Utils::Network::HttpRequest::WriteRequest
Tue, 10 Mar 2015 16:50:04 [21932] INFO  ContentLength: 2 - Utils::Network::HttpRequest::ReadResponse
Tue, 10 Mar 2015 16:50:04 [21932] INFO  Result: 1, total read: 2 - Utils::Network::HttpRequest::ReadResponse
Tue, 10 Mar 2015 16:50:04 [21932] INFO  Post request completed in: 84 milliseconds - Utils::Network::HttpRequest::Post - Utils::Common::LogTimer::~LogTimer
